[2017-03-02 23:52:49] java.lang.InstantiationException: queue.SimpleQueue
[2017-03-02 23:52:49] 	at java.lang.Class.newInstance(Class.java:427)
[2017-03-02 23:52:49] 	at obj.BusStops.generate(BusStops.java:74)
[2017-03-02 23:52:49] 	at main.PlatooningABSMain.execute(PlatooningABSMain.java:48)
[2017-03-02 23:52:49] 	at main.PlatooningABSMain.run(PlatooningABSMain.java:26)
[2017-03-02 23:52:49] 	at main.ABSThreadRun.run(ABSThreadRun.java:29)
[2017-03-02 23:52:49] Caused by: java.lang.NoSuchMethodException: queue.SimpleQueue.<init>()
[2017-03-02 23:52:49] 	at java.lang.Class.getConstructor0(Class.java:3082)
[2017-03-02 23:52:49] 	at java.lang.Class.newInstance(Class.java:412)
[2017-03-02 23:52:49] 	... 4 more
[2017-03-02 23:52:49] Exception in thread "Thread-4" [2017-03-02 23:52:49] java.lang.NullPointerException
[2017-03-02 23:52:49] 	at obj.BusStops.occureQueue(BusStops.java:123)
[2017-03-02 23:52:49] 	at exec.StepExecutor.execute(StepExecutor.java:31)
[2017-03-02 23:52:49] 	at main.PlatooningABSMain.execute(PlatooningABSMain.java:56)
[2017-03-02 23:52:49] 	at main.PlatooningABSMain.run(PlatooningABSMain.java:26)
[2017-03-02 23:52:49] 	at main.ABSThreadRun.run(ABSThreadRun.java:29)
[2017-03-02 23:52:53] Exception in thread "Thread-5" [2017-03-02 23:52:53] java.lang.NullPointerException
[2017-03-02 23:52:53] 	at obj.BusStops.occureQueue(BusStops.java:123)
[2017-03-02 23:52:53] 	at exec.StepExecutor.execute(StepExecutor.java:31)
[2017-03-02 23:52:53] 	at main.PlatooningABSMain.execute(PlatooningABSMain.java:56)
[2017-03-02 23:52:53] 	at main.PlatooningABSMain.run(PlatooningABSMain.java:26)
[2017-03-02 23:52:53] 	at main.ABSThreadRun.run(ABSThreadRun.java:29)
